<?xml version="1.0" encoding="UTF-8"?>
<!-- Generated by org.testng.reporters.JUnitReportReporter -->
<testsuite hostname="Nishan" failures="0" tests="2" name="Pack1.ContactTest" time="0.010" errors="0" timestamp="2025-03-18T17:41:04 IST" skipped="0">
  <testcase classname="Pack1.ContactTest" name="ModifycontactTest" time="0.009"/>
  <testcase classname="Pack1.ContactTest" name="createcontactTest" time="0.001"/>
</testsuite> <!-- Pack1.ContactTest -->
