<?xml version="1.0" encoding="UTF-8"?>
<!-- Generated by org.testng.reporters.JUnitReportReporter -->
<testsuite hostname="Nishan" failures="0" tests="1" name="Pack2.OrgTest" time="0.012" errors="0" timestamp="2025-03-18T18:16:56 IST" skipped="0">
  <testcase classname="Pack2.OrgTest" name="ModifyOrgTest" time="0.012"/>
</testsuite> <!-- Pack2.OrgTest -->
